<?xml version="1.0" encoding="UTF-8"?>
<testsuite xmlns:xsi="http://www.w3.org/2001/XMLSchema-instance" xsi:noNamespaceSchemaLocation="https://maven.apache.org/surefire/maven-surefire-plugin/xsd/surefire-test-report.xsd" name="GameTest" time="0.001" tests="11" errors="0" skipped="0" failures="0">
  <properties>
[...]
</properties>
  <testcase name="testIsValidMove_InvalidMove" classname="GameTest" time="0"/>
  <testcase name="testProcessMove_ValidMove" classname="GameTest" time="0"/>
  <testcase name="testGetStackByCode_DrawPile" classname="GameTest" time="0"/>
  <testcase name="testDrawCard" classname="GameTest" time="0"/>
  <testcase name="testIsValidMove_ValidMove" classname="GameTest" time="0"/>
  <testcase name="testGetStackByCode_Invalid" classname="GameTest" time="0"/>
  <testcase name="testProcessMove_ValidMoveMultiple" classname="GameTest" time="0"/>
  <testcase name="testProcessMove_InvalidMove" classname="GameTest" time="0"/>
  <testcase name="testIsValidMove_MultipleCards" classname="GameTest" time="0"/>
  <testcase name="testIsMoveCommand_Valid" classname="GameTest" time="0"/>
  <testcase name="testIsMoveCommand_Invalid" classname="GameTest" time="0"/>
</testsuite>